Using pre-set license
Built from '2022.3/release' branch; Version is '2022.3.12f1 (4fe6e059c7ef) revision 5236448'; Using compiler version '192829333'; Build Type 'Release'
OS: 'Windows 10  (10.0.19045) 64bit Professional' Language: 'pt' Physical Memory: 16336 MB
BatchMode: 1, IsHumanControllingUs: 0, StartBugReporterOnCrash: 0, Is64bit: 1, IsPro: 1

COMMAND LINE ARGUMENTS:
E:\Unity\2022.3.12f1\Editor\Unity.exe
-adb2
-batchMode
-noUpm
-name
AssetImportWorker0
-projectPath
F:/Unity/Gamedev
-logFile
Logs/AssetImportWorker0.log
-srvPort
55331
Successfully changed project path to: F:/Unity/Gamedev
F:/Unity/Gamedev
[UnityMemory] Configuration Parameters - Can be set up in boot.config
    "memorysetup-bucket-allocator-granularity=16"
    "memorysetup-bucket-allocator-bucket-count=8"
    "memorysetup-bucket-allocator-block-size=33554432"
    "memorysetup-bucket-allocator-block-count=8"
    "memorysetup-main-allocator-block-size=16777216"
    "memorysetup-thread-allocator-block-size=16777216"
    "memorysetup-gfx-main-allocator-block-size=16777216"
    "memorysetup-gfx-thread-allocator-block-size=16777216"
    "memorysetup-cache-allocator-block-size=4194304"
    "memorysetup-typetree-allocator-block-size=2097152"
    "memorysetup-profiler-bucket-allocator-granularity=16"
    "memorysetup-profiler-bucket-allocator-bucket-count=8"
    "memorysetup-profiler-bucket-allocator-block-size=33554432"
    "memorysetup-profiler-bucket-allocator-block-count=8"
    "memorysetup-profiler-allocator-block-size=16777216"
    "memorysetup-profiler-editor-allocator-block-size=1048576"
    "memorysetup-temp-allocator-size-main=16777216"
    "memorysetup-job-temp-allocator-block-size=2097152"
    "memorysetup-job-temp-allocator-block-size-background=1048576"
    "memorysetup-job-temp-allocator-reduction-small-platforms=262144"
    "memorysetup-allocator-temp-initial-block-size-main=262144"
    "memorysetup-allocator-temp-initial-block-size-worker=262144"
    "memorysetup-temp-allocator-size-background-worker=32768"
    "memorysetup-temp-allocator-size-job-worker=262144"
    "memorysetup-temp-allocator-size-preload-manager=33554432"
    "memorysetup-temp-allocator-size-nav-mesh-worker=65536"
    "memorysetup-temp-allocator-size-audio-worker=65536"
    "memorysetup-temp-allocator-size-cloud-worker=32768"
    "memorysetup-temp-allocator-size-gi-baking-worker=262144"
    "memorysetup-temp-allocator-size-gfx=262144"
Player connection [9456] Host "[IP] 192.168.1.115 [Port] 0 [Flags] 2 [Guid] 4218605915 [EditorId] 4218605915 [Version] 1048832 [Id] WindowsEditor(7,DESKTOP-838JQFF) [Debug] 1 [PackageName] WindowsEditor [ProjectName] Editor" joined multi-casting on [225.0.0.222:54997]...

Player connection [9456] Host "[IP] 192.168.1.115 [Port] 0 [Flags] 2 [Guid] 4218605915 [EditorId] 4218605915 [Version] 1048832 [Id] WindowsEditor(7,DESKTOP-838JQFF) [Debug] 1 [PackageName] WindowsEditor [ProjectName] Editor" joined alternative multi-casting on [225.0.0.222:34997]...

[Physics::Module] Initialized MultithreadedJobDispatcher with 3 workers.
Refreshing native plugins compatible for Editor in 56.86 ms, found 4 plugins.
Preloading 0 native plugins for Editor in 0.00 ms.
Initialize engine version: 2022.3.12f1 (4fe6e059c7ef)
[Subsystems] Discovering subsystems at path E:/Unity/2022.3.12f1/Editor/Data/Resources/UnitySubsystems
[Subsystems] Discovering subsystems at path F:/Unity/Gamedev/Assets
GfxDevice: creating device client; threaded=0; jobified=0
Direct3D:
    Version:  Direct3D 11.0 [level 11.1]
    Renderer: NVIDIA GeForce GTX 1050 Ti (ID=0x1c82)
    Vendor:   NVIDIA
    VRAM:     4017 MB
    Driver:   31.0.15.3623
Initialize mono
Mono path[0] = 'E:/Unity/2022.3.12f1/Editor/Data/Managed'
Mono path[1] = 'E:/Unity/2022.3.12f1/Editor/Data/MonoBleedingEdge/lib/mono/unityjit-win32'
Mono config path = 'E:/Unity/2022.3.12f1/Editor/Data/MonoBleedingEdge/etc'
Using monoOptions --debugger-agent=transport=dt_socket,embedding=1,server=y,suspend=n,address=127.0.0.1:56824
Begin MonoManager ReloadAssembly
Registering precompiled unity dll's ...
Register platform support module: E:/Unity/2022.3.12f1/Editor/Data/PlaybackEngines/WebGLSupport/UnityEditor.WebGL.Extensions.dll
Register platform support module: E:/Unity/2022.3.12f1/Editor/Data/PlaybackEngines/WindowsStandaloneSupport/UnityEditor.WindowsStandalone.Extensions.dll
Registered in 0.028855 seconds.
- Loaded All Assemblies, in  4.226 seconds
Native extension for WindowsStandalone target not found
Native extension for WebGL target not found
Mono: successfully reloaded assembly
- Finished resetting the current domain, in  3.842 seconds
Domain Reload Profiling: 8086ms
	BeginReloadAssembly (1677ms)
		ExecutionOrderSort (0ms)
		DisableScriptedObjects (0ms)
		BackupInstance (0ms)
		ReleaseScriptingObjects (0ms)
		CreateAndSetChildDomain (7ms)
	RebuildCommonClasses (256ms)
	RebuildNativeTypeToScriptingClass (84ms)
	initialDomainReloadingComplete (636ms)
	LoadAllAssembliesAndSetupDomain (1570ms)
		LoadAssemblies (1672ms)
		RebuildTransferFunctionScriptingTraits (0ms)
		AnalyzeDomain (1559ms)
			TypeCache.Refresh (1546ms)
				TypeCache.ScanAssembly (1406ms)
			ScanForSourceGeneratedMonoScriptInfo (4ms)
			ResolveRequiredComponents (7ms)
	FinalizeReload (3863ms)
		ReleaseScriptCaches (0ms)
		RebuildScriptCaches (0ms)
		SetupLoadedEditorAssemblies (2902ms)
			LogAssemblyErrors (0ms)
			InitializePlatformSupportModulesInManaged (61ms)
			SetLoadedEditorAssemblies (34ms)
			RefreshPlugins (0ms)
			BeforeProcessingInitializeOnLoad (15ms)
			ProcessInitializeOnLoadAttributes (1952ms)
			ProcessInitializeOnLoadMethodAttributes (840ms)
			AfterProcessingInitializeOnLoad (0ms)
			EditorAssembliesLoaded (0ms)
		ExecutionOrderSort2 (0ms)
		AwakeInstancesAfterBackupRestoration (0ms)
========================================================================
Worker process is ready to serve import requests
Begin MonoManager ReloadAssembly
- Loaded All Assemblies, in  3.984 seconds
Refreshing native plugins compatible for Editor in 4.70 ms, found 4 plugins.
Native extension for WindowsStandalone target not found
Native extension for WebGL target not found
Package Manager log level set to [2]
[Package Manager] Server::EnsureServerProcessIsRunning -- launch failed, reason: Unity was launched with the -noUpm command-line argument
[Package Manager] UpmClient::Send -- Unable to send message (not connected to UPM process).
[Package Manager] Cannot connect to Unity Package Manager local server
Mono: successfully reloaded assembly
- Finished resetting the current domain, in  1.662 seconds
Domain Reload Profiling: 5639ms
	BeginReloadAssembly (1197ms)
		ExecutionOrderSort (0ms)
		DisableScriptedObjects (73ms)
		BackupInstance (0ms)
		ReleaseScriptingObjects (1ms)
		CreateAndSetChildDomain (187ms)
	RebuildCommonClasses (334ms)
	RebuildNativeTypeToScriptingClass (78ms)
	initialDomainReloadingComplete (394ms)
	LoadAllAssembliesAndSetupDomain (1973ms)
		LoadAssemblies (2144ms)
		RebuildTransferFunctionScriptingTraits (0ms)
		AnalyzeDomain (481ms)
			TypeCache.Refresh (375ms)
				TypeCache.ScanAssembly (347ms)
			ScanForSourceGeneratedMonoScriptInfo (83ms)
			ResolveRequiredComponents (21ms)
	FinalizeReload (1663ms)
		ReleaseScriptCaches (0ms)
		RebuildScriptCaches (0ms)
		SetupLoadedEditorAssemblies (1323ms)
			LogAssemblyErrors (0ms)
			InitializePlatformSupportModulesInManaged (10ms)
			SetLoadedEditorAssemblies (10ms)
			RefreshPlugins (0ms)
			BeforeProcessingInitializeOnLoad (171ms)
			ProcessInitializeOnLoadAttributes (965ms)
			ProcessInitializeOnLoadMethodAttributes (162ms)
			AfterProcessingInitializeOnLoad (4ms)
			EditorAssembliesLoaded (1ms)
		ExecutionOrderSort2 (0ms)
		AwakeInstancesAfterBackupRestoration (12ms)
Launched and connected shader compiler UnityShaderCompiler.exe after 0.11 seconds
Refreshing native plugins compatible for Editor in 21.53 ms, found 4 plugins.
Preloading 0 native plugins for Editor in 0.00 ms.
Unloading 6207 Unused Serialized files (Serialized files now loaded: 0)
Unloading 120 unused Assets / (1.0 MB). Loaded Objects now: 6653.
Memory consumption went from 230.1 MB to 229.1 MB.
Total: 9.362600 ms (FindLiveObjects: 0.716600 ms CreateObjectMapping: 0.945400 ms MarkObjects: 6.822400 ms  DeleteObjects: 0.876400 ms)

AssetImportParameters requested are different than current active one (requested -> active):
  custom:container-demuxer-ogg: 62fdf1f143b41e24485cea50d1cbac27 -> 
  custom:video-decoder-ogg-theora: a1e56fd34408186e4bbccfd4996cb3dc -> 
  custom:framework-win-MediaFoundation: 216162199b28c13a410421893ffa2e32 -> 
  custom:CustomObjectIndexerAttribute: a3ef5dd2817f97addfee359851a9dba5 -> 
  custom:container-demuxer-webm: 4f35f7cbe854078d1ac9338744f61a02 -> 
  custom:container-muxer-webm: aa71ff27fc2769a1b78a27578f13a17b -> 
  custom:video-decoder-webm-vp8: 9c59270c3fd7afecdb556c50c9e8de78 -> 
  custom:SearchIndexIgnoredProperties: e643bd26f0fe6173181afceb89e7c659 -> 
  custom:AudioImporter_EditorPlatform: d09bf68614088b80899f8185d706f6e7 -> 
  custom:video-encoder-webm-vp8: eb34c28f22e8b96e1ab97ce403110664 -> 
  custom:audio-decoder-ogg-vorbis: bf7c407c2cedff20999df2af8eb42d56 -> 
  custom:audio-encoder-webm-vorbis: bf7c407c2cedff20999df2af8eb42d56 -> 
========================================================================
Received Import Request.
  Time since last request: 100135.499416 seconds.
  path: Assets/TileMap/Tiles/Outdoor Tile Spritesheet_7.asset
  artifactKey: Guid(e20ccb5e306b41e4da6fc51ab7b54066) Importer(815301076,1909f56bfc062723c751e8b465ee728b)
Start importing Assets/TileMap/Tiles/Outdoor Tile Spritesheet_7.asset using Guid(e20ccb5e306b41e4da6fc51ab7b54066) Importer(815301076,1909f56bfc062723c751e8b465ee728b)  -> (artifact id: 'd933621170768ac95e7293844d754505') in 0.333525 seconds
Number of updated asset objects reloaded before import = 0
Number of asset objects unloaded after import = 125
========================================================================
Received Import Request.
  Time since last request: 0.000038 seconds.
  path: Assets/TileMap/Tiles/Outdoor Tile Spritesheet_16.asset
  artifactKey: Guid(24f6fd92134eedd4087f736ae7e25e19) Importer(815301076,1909f56bfc062723c751e8b465ee728b)
Start importing Assets/TileMap/Tiles/Outdoor Tile Spritesheet_16.asset using Guid(24f6fd92134eedd4087f736ae7e25e19) Importer(815301076,1909f56bfc062723c751e8b465ee728b)  -> (artifact id: '8d93968324e5047769b9297672ab000b') in 0.023073 seconds
Number of updated asset objects reloaded before import = 0
Number of asset objects unloaded after import = 125
========================================================================
Received Import Request.
  Time since last request: 0.000025 seconds.
  path: Assets/TileMap/Tiles/Outdoor Tile Spritesheet_19.asset
  artifactKey: Guid(36dd9fa98a8a5a143acf9ac2e7f541ef) Importer(815301076,1909f56bfc062723c751e8b465ee728b)
Start importing Assets/TileMap/Tiles/Outdoor Tile Spritesheet_19.asset using Guid(36dd9fa98a8a5a143acf9ac2e7f541ef) Importer(815301076,1909f56bfc062723c751e8b465ee728b)  -> (artifact id: '10c526b1c0b0edd57a7754efc918554b') in 0.020062 seconds
Number of updated asset objects reloaded before import = 0
Number of asset objects unloaded after import = 125
========================================================================
Received Import Request.
  Time since last request: 0.000027 seconds.
  path: Assets/TileMap/Tiles/Outdoor Tile Spritesheet_10.asset
  artifactKey: Guid(90732a994eaa0274a97153dde4321f26) Importer(815301076,1909f56bfc062723c751e8b465ee728b)
Start importing Assets/TileMap/Tiles/Outdoor Tile Spritesheet_10.asset using Guid(90732a994eaa0274a97153dde4321f26) Importer(815301076,1909f56bfc062723c751e8b465ee728b)  -> (artifact id: 'c3831e2320bd7ea41cfc378e53650e7b') in 0.019523 seconds
Number of updated asset objects reloaded before import = 0
Number of asset objects unloaded after import = 125
========================================================================
Received Import Request.
  Time since last request: 0.000022 seconds.
  path: Assets/TileMap/Tiles/Outdoor Tile Spritesheet_17.asset
  artifactKey: Guid(4c7617dbff8f5d4468eb1f87be4bba7c) Importer(815301076,1909f56bfc062723c751e8b465ee728b)
Start importing Assets/TileMap/Tiles/Outdoor Tile Spritesheet_17.asset using Guid(4c7617dbff8f5d4468eb1f87be4bba7c) Importer(815301076,1909f56bfc062723c751e8b465ee728b)  -> (artifact id: '0709a9370126625dc8e94c1813931b05') in 0.020139 seconds
Number of updated asset objects reloaded before import = 0
Number of asset objects unloaded after import = 125
========================================================================
Received Import Request.
  Time since last request: 0.000026 seconds.
  path: Assets/TileMap/Tiles/Outdoor Tile Spritesheet_14.asset
  artifactKey: Guid(7795b525ddf784e45b120d58829ba4f8) Importer(815301076,1909f56bfc062723c751e8b465ee728b)
Start importing Assets/TileMap/Tiles/Outdoor Tile Spritesheet_14.asset using Guid(7795b525ddf784e45b120d58829ba4f8) Importer(815301076,1909f56bfc062723c751e8b465ee728b)  -> (artifact id: '8605e3c9d0e8e04271d4c54c8ee0b654') in 0.018781 seconds
Number of updated asset objects reloaded before import = 0
Number of asset objects unloaded after import = 125
========================================================================
Received Import Request.
  Time since last request: 0.000023 seconds.
  path: Assets/TileMap/Tiles/Outdoor Tile Spritesheet_24.asset
  artifactKey: Guid(dd1b4ecb40af30143827399c141d5f0e) Importer(815301076,1909f56bfc062723c751e8b465ee728b)
Start importing Assets/TileMap/Tiles/Outdoor Tile Spritesheet_24.asset using Guid(dd1b4ecb40af30143827399c141d5f0e) Importer(815301076,1909f56bfc062723c751e8b465ee728b)  -> (artifact id: '2837eb2f00508f808ce82e3c15f0612c') in 0.014495 seconds
Number of updated asset objects reloaded before import = 0
Number of asset objects unloaded after import = 125
========================================================================
Received Import Request.
  Time since last request: 0.000027 seconds.
  path: Assets/TileMap/Tiles/Outdoor Tile Spritesheet_8.asset
  artifactKey: Guid(06a7519cba0080842ad08594cddadca7) Importer(815301076,1909f56bfc062723c751e8b465ee728b)
Start importing Assets/TileMap/Tiles/Outdoor Tile Spritesheet_8.asset using Guid(06a7519cba0080842ad08594cddadca7) Importer(815301076,1909f56bfc062723c751e8b465ee728b)  -> (artifact id: '8eb6285a0702e36ee41450b868906061') in 0.018718 seconds
Number of updated asset objects reloaded before import = 0
Number of asset objects unloaded after import = 125
========================================================================
Received Import Request.
  Time since last request: 0.000039 seconds.
  path: Assets/TileMap/Tiles/Outdoor Tile Spritesheet_2.asset
  artifactKey: Guid(495cd95ffb9f6db4faaf1eeda6bd4b1c) Importer(815301076,1909f56bfc062723c751e8b465ee728b)
Start importing Assets/TileMap/Tiles/Outdoor Tile Spritesheet_2.asset using Guid(495cd95ffb9f6db4faaf1eeda6bd4b1c) Importer(815301076,1909f56bfc062723c751e8b465ee728b)  -> (artifact id: '82b092b0ffdfbabf01f27caa859cdaa3') in 0.023002 seconds
Number of updated asset objects reloaded before import = 0
Number of asset objects unloaded after import = 125
========================================================================
Received Import Request.
  Time since last request: 0.000026 seconds.
  path: Assets/TileMap/Tiles/Outdoor Tile Spritesheet_11.asset
  artifactKey: Guid(da9d339fa7bca5a49930729d4ae38b09) Importer(815301076,1909f56bfc062723c751e8b465ee728b)
Start importing Assets/TileMap/Tiles/Outdoor Tile Spritesheet_11.asset using Guid(da9d339fa7bca5a49930729d4ae38b09) Importer(815301076,1909f56bfc062723c751e8b465ee728b)  -> (artifact id: 'd3d1e2de191b5f3f49edf1aa7b778eeb') in 0.024008 seconds
Number of updated asset objects reloaded before import = 0
Number of asset objects unloaded after import = 125
========================================================================
Received Import Request.
  Time since last request: 0.000029 seconds.
  path: Assets/TileMap/Tiles/Outdoor Tile Spritesheet_23.asset
  artifactKey: Guid(b9c2fadf5fb8d894483ad1cdc68dfe72) Importer(815301076,1909f56bfc062723c751e8b465ee728b)
Start importing Assets/TileMap/Tiles/Outdoor Tile Spritesheet_23.asset using Guid(b9c2fadf5fb8d894483ad1cdc68dfe72) Importer(815301076,1909f56bfc062723c751e8b465ee728b)  -> (artifact id: '5fa13f364a86e7022301bff45cb6e6ae') in 0.017183 seconds
Number of updated asset objects reloaded before import = 0
Number of asset objects unloaded after import = 125
========================================================================
Received Import Request.
  Time since last request: 0.000027 seconds.
  path: Assets/TileMap/Tiles/Outdoor Tile Spritesheet_1.asset
  artifactKey: Guid(8a1dce7d7b166b24f844df4e3d876562) Importer(815301076,1909f56bfc062723c751e8b465ee728b)
Start importing Assets/TileMap/Tiles/Outdoor Tile Spritesheet_1.asset using Guid(8a1dce7d7b166b24f844df4e3d876562) Importer(815301076,1909f56bfc062723c751e8b465ee728b)  -> (artifact id: '892d36c8db08bcc9b2e531e1a0662f1f') in 0.022248 seconds
Number of updated asset objects reloaded before import = 0
Number of asset objects unloaded after import = 125
========================================================================
Received Import Request.
  Time since last request: 0.000028 seconds.
  path: Assets/TileMap/Tiles/Outdoor Tile Spritesheet_12.asset
  artifactKey: Guid(dfa7552791830074d97ae3a149aa6e77) Importer(815301076,1909f56bfc062723c751e8b465ee728b)
Start importing Assets/TileMap/Tiles/Outdoor Tile Spritesheet_12.asset using Guid(dfa7552791830074d97ae3a149aa6e77) Importer(815301076,1909f56bfc062723c751e8b465ee728b)  -> (artifact id: 'b2e7f59ab0033a7b9e60bfdc69ab0b05') in 0.016622 seconds
Number of updated asset objects reloaded before import = 0
Number of asset objects unloaded after import = 125
========================================================================
Received Import Request.
  Time since last request: 0.000030 seconds.
  path: Assets/TileMap/Tiles/Outdoor Tile Spritesheet_9.asset
  artifactKey: Guid(e8c9db0ab63f3e64b92281db82fe4bec) Importer(815301076,1909f56bfc062723c751e8b465ee728b)
Start importing Assets/TileMap/Tiles/Outdoor Tile Spritesheet_9.asset using Guid(e8c9db0ab63f3e64b92281db82fe4bec) Importer(815301076,1909f56bfc062723c751e8b465ee728b)  -> (artifact id: 'defff6003eab00813c92595108057dbe') in 0.026934 seconds
Number of updated asset objects reloaded before import = 0
Number of asset objects unloaded after import = 125
========================================================================
Received Import Request.
  Time since last request: 0.000041 seconds.
  path: Assets/TileMap/Tiles/Outdoor Tile Spritesheet_18.asset
  artifactKey: Guid(f9571bbe910be4441a8cc05cab874afe) Importer(815301076,1909f56bfc062723c751e8b465ee728b)
Start importing Assets/TileMap/Tiles/Outdoor Tile Spritesheet_18.asset using Guid(f9571bbe910be4441a8cc05cab874afe) Importer(815301076,1909f56bfc062723c751e8b465ee728b)  -> (artifact id: 'aee4507f5eea998c29214392298b2633') in 0.027642 seconds
Number of updated asset objects reloaded before import = 0
Number of asset objects unloaded after import = 125
========================================================================
Received Import Request.
  Time since last request: 0.000034 seconds.
  path: Assets/TileMap/Tiles/Outdoor Tile Spritesheet_15.asset
  artifactKey: Guid(2f7caa1a44d69e242b502c5477a08175) Importer(815301076,1909f56bfc062723c751e8b465ee728b)
Start importing Assets/TileMap/Tiles/Outdoor Tile Spritesheet_15.asset using Guid(2f7caa1a44d69e242b502c5477a08175) Importer(815301076,1909f56bfc062723c751e8b465ee728b)  -> (artifact id: '1c22541ab8b9795c17691d6a03b01149') in 0.028624 seconds
Number of updated asset objects reloaded before import = 0
Number of asset objects unloaded after import = 125
========================================================================
Received Import Request.
  Time since last request: 0.000025 seconds.
  path: Assets/TileMap/Tiles/Outdoor Tile Spritesheet_21.asset
  artifactKey: Guid(a45458fe6fc526c4e8002cbbeeb13ebc) Importer(815301076,1909f56bfc062723c751e8b465ee728b)
Start importing Assets/TileMap/Tiles/Outdoor Tile Spritesheet_21.asset using Guid(a45458fe6fc526c4e8002cbbeeb13ebc) Importer(815301076,1909f56bfc062723c751e8b465ee728b)  -> (artifact id: '79980959daf1e9851853710b878cb5c2') in 0.029797 seconds
Number of updated asset objects reloaded before import = 0
Number of asset objects unloaded after import = 125
========================================================================
Received Import Request.
  Time since last request: 0.000029 seconds.
  path: Assets/TileMap/Tiles/Outdoor Tile Spritesheet_0.asset
  artifactKey: Guid(7e15db77d7874a04cbd99cb07fa0ab0b) Importer(815301076,1909f56bfc062723c751e8b465ee728b)
Start importing Assets/TileMap/Tiles/Outdoor Tile Spritesheet_0.asset using Guid(7e15db77d7874a04cbd99cb07fa0ab0b) Importer(815301076,1909f56bfc062723c751e8b465ee728b)  -> (artifact id: 'c75fa402739c46718a249f3e04af5bba') in 0.018919 seconds
Number of updated asset objects reloaded before import = 0
Number of asset objects unloaded after import = 125
========================================================================
Received Import Request.
  Time since last request: 0.000027 seconds.
  path: Assets/TileMap/Tiles/Outdoor Tile Spritesheet_13.asset
  artifactKey: Guid(47d1d81dcefd33f418336a450adce954) Importer(815301076,1909f56bfc062723c751e8b465ee728b)
Start importing Assets/TileMap/Tiles/Outdoor Tile Spritesheet_13.asset using Guid(47d1d81dcefd33f418336a450adce954) Importer(815301076,1909f56bfc062723c751e8b465ee728b)  -> (artifact id: '7c38048f43783ccc8a06a405b08c5422') in 0.019371 seconds
Number of updated asset objects reloaded before import = 0
Number of asset objects unloaded after import = 125
========================================================================
Received Import Request.
  Time since last request: 0.000119 seconds.
  path: Assets/TileMap/Tiles/Outdoor Tile Spritesheet_5.asset
  artifactKey: Guid(68499cf931c848d4fbe15df6db8d9fad) Importer(815301076,1909f56bfc062723c751e8b465ee728b)
Start importing Assets/TileMap/Tiles/Outdoor Tile Spritesheet_5.asset using Guid(68499cf931c848d4fbe15df6db8d9fad) Importer(815301076,1909f56bfc062723c751e8b465ee728b)  -> (artifact id: '5a15ed23d1e4a373962c40dbab648789') in 0.037174 seconds
Number of updated asset objects reloaded before import = 0
Number of asset objects unloaded after import = 125
========================================================================
Received Import Request.
  Time since last request: 0.000058 seconds.
  path: Assets/TileMap/Tiles/Outdoor Tile Spritesheet_6.asset
  artifactKey: Guid(996c3d160f071e347bd47203c7d60c37) Importer(815301076,1909f56bfc062723c751e8b465ee728b)
Start importing Assets/TileMap/Tiles/Outdoor Tile Spritesheet_6.asset using Guid(996c3d160f071e347bd47203c7d60c37) Importer(815301076,1909f56bfc062723c751e8b465ee728b)  -> (artifact id: 'ea6083448cbeb2eecdd5267e0e6a6252') in 0.025588 seconds
Number of updated asset objects reloaded before import = 0
Number of asset objects unloaded after import = 125
========================================================================
Received Import Request.
  Time since last request: 0.000026 seconds.
  path: Assets/TileMap/Tiles/Outdoor Tile Spritesheet_20.asset
  artifactKey: Guid(504ab8be68558f34a8277b5e95c9ee87) Importer(815301076,1909f56bfc062723c751e8b465ee728b)
Start importing Assets/TileMap/Tiles/Outdoor Tile Spritesheet_20.asset using Guid(504ab8be68558f34a8277b5e95c9ee87) Importer(815301076,1909f56bfc062723c751e8b465ee728b)  -> (artifact id: 'dea945d13fd71762b06097c739e07d39') in 0.020654 seconds
Number of updated asset objects reloaded before import = 0
Number of asset objects unloaded after import = 125
========================================================================
Received Import Request.
  Time since last request: 0.000028 seconds.
  path: Assets/TileMap/Tiles/Outdoor Tile Spritesheet_22.asset
  artifactKey: Guid(bb14e2b95ba8d6c4ab82614814a159b1) Importer(815301076,1909f56bfc062723c751e8b465ee728b)
Start importing Assets/TileMap/Tiles/Outdoor Tile Spritesheet_22.asset using Guid(bb14e2b95ba8d6c4ab82614814a159b1) Importer(815301076,1909f56bfc062723c751e8b465ee728b)  -> (artifact id: 'ede9af719b2b0fac97b03840582807b0') in 0.024660 seconds
Number of updated asset objects reloaded before import = 0
Number of asset objects unloaded after import = 125
========================================================================
Received Import Request.
  Time since last request: 0.000038 seconds.
  path: Assets/TileMap/Tiles/Outdoor Tile Spritesheet_3.asset
  artifactKey: Guid(3a5ab217188d5684693f841114ec401b) Importer(815301076,1909f56bfc062723c751e8b465ee728b)
Start importing Assets/TileMap/Tiles/Outdoor Tile Spritesheet_3.asset using Guid(3a5ab217188d5684693f841114ec401b) Importer(815301076,1909f56bfc062723c751e8b465ee728b)  -> (artifact id: 'ad2fce221dd3302f4380d255867b9be1') in 0.030387 seconds
Number of updated asset objects reloaded before import = 0
Number of asset objects unloaded after import = 125
========================================================================
Received Import Request.
  Time since last request: 0.000025 seconds.
  path: Assets/TileMap/Tiles/Outdoor Tile Spritesheet_4.asset
  artifactKey: Guid(e2231c079f7dbfc499ce64d9f83569f2) Importer(815301076,1909f56bfc062723c751e8b465ee728b)
Start importing Assets/TileMap/Tiles/Outdoor Tile Spritesheet_4.asset using Guid(e2231c079f7dbfc499ce64d9f83569f2) Importer(815301076,1909f56bfc062723c751e8b465ee728b)  -> (artifact id: '7b3213dff8fe40fc5e58b325e0768067') in 0.020281 seconds
Number of updated asset objects reloaded before import = 0
Number of asset objects unloaded after import = 125
========================================================================
Received Import Request.
  Time since last request: 139.805710 seconds.
  path: Assets/Scripts/Player/PlayerController.cs
  artifactKey: Guid(21763a989fca7d345911b236022f1015) Importer(815301076,1909f56bfc062723c751e8b465ee728b)
Start importing Assets/Scripts/Player/PlayerController.cs using Guid(21763a989fca7d345911b236022f1015) Importer(815301076,1909f56bfc062723c751e8b465ee728b)  -> (artifact id: '1e0f9b557695e8da5f1c785ef7b9f456') in 0.011839 seconds
Number of updated asset objects reloaded before import = 0
Number of asset objects unloaded after import = 0
========================================================================
Received Import Request.
  Time since last request: 240.812772 seconds.
  path: Assets/Scripts/Player/Player Controls.cs
  artifactKey: Guid(bfb7cdc3720da6d41a2bd42cda7b9b7c) Importer(815301076,1909f56bfc062723c751e8b465ee728b)
Start importing Assets/Scripts/Player/Player Controls.cs using Guid(bfb7cdc3720da6d41a2bd42cda7b9b7c) Importer(815301076,1909f56bfc062723c751e8b465ee728b)  -> (artifact id: '753166b81ec5e957d3e3f8ea4f5cec5d') in 0.001328 seconds
Number of updated asset objects reloaded before import = 0
Number of asset objects unloaded after import = 0
